<?xml version="1.0" encoding="UTF-8"?>
<!-- Generated by org.testng.reporters.JUnitReportReporter -->
<testsuite hostname="DELL" failures="0" tests="4" name="TestCases.InventoryPageTest" time="6.754" errors="0" timestamp="2023-01-04T17:02:00 PST" skipped="3">
  <testcase classname="TestCases.InventoryPageTest" name="verifyURLTest" time="6.754"/>
  <system-out/>
  <testcase classname="TestCases.InventoryPageTest" name="verifySwagLabLogoTest">
    <skipped/>
  </testcase> <!-- verifySwagLabLogoTest -->
  <system-out/>
  <testcase classname="TestCases.InventoryPageTest" name="verifyProductTextTest">
    <skipped/>
  </testcase> <!-- verifyProductTextTest -->
  <system-out/>
  <testcase classname="TestCases.InventoryPageTest" name="verifyTitleTest">
    <skipped/>
  </testcase> <!-- verifyTitleTest -->
  <system-out/>
</testsuite> <!-- TestCases.InventoryPageTest -->
