<?xml version="1.0" encoding="UTF-8"?>
<!-- Generated by org.testng.reporters.JUnitReportReporter -->
<testsuite hostname="DELL" failures="0" tests="5" name="TestCases.LoginPageTest" time="11.840" errors="0" timestamp="2022-12-28T01:00:47 PST" skipped="3">
  <testcase classname="TestCases.LoginPageTest" name="verifyLoginPageTest" time="7.014"/>
  <testcase classname="TestCases.LoginPageTest" name="verifyTitleTest" time="4.826"/>
  <testcase classname="TestCases.LoginPageTest" name="verifyLoginLogoTest">
    <skipped/>
  </testcase> <!-- verifyLoginLogoTest -->
  <testcase classname="TestCases.LoginPageTest" name="verifyLoginBotTest">
    <skipped/>
  </testcase> <!-- verifyLoginBotTest -->
  <testcase classname="TestCases.LoginPageTest" name="verifyUrlTest">
    <skipped/>
  </testcase> <!-- verifyUrlTest -->
</testsuite> <!-- TestCases.LoginPageTest -->
