<?xml version="1.0" encoding="UTF-8"?>
<!-- Generated by org.testng.reporters.JUnitReportReporter -->
<testsuite hostname="DELL" failures="0" tests="3" name="TestCases.CompletePageTest" time="14.227" errors="0" timestamp="2023-01-04T17:02:00 PST" skipped="2">
  <testcase classname="TestCases.CompletePageTest" name="verifyURLTest" time="14.227"/>
  <system-out/>
  <testcase classname="TestCases.CompletePageTest" name="verifyCheckoutCompleteTextTest">
    <skipped/>
  </testcase> <!-- verifyCheckoutCompleteTextTest -->
  <system-out/>
  <testcase classname="TestCases.CompletePageTest" name="verifyPonnyExpress">
    <skipped/>
  </testcase> <!-- verifyPonnyExpress -->
  <system-out/>
</testsuite> <!-- TestCases.CompletePageTest -->
