<?xml version="1.0" encoding="UTF-8"?>
<!-- Generated by org.testng.reporters.JUnitReportReporter -->
<testsuite hostname="DELL" failures="0" tests="1" name="TestCases.CheckoutPageTest" time="11.667" errors="0" timestamp="2023-01-04T17:02:00 PST" skipped="0">
  <testcase classname="TestCases.CheckoutPageTest" name="verifyURLTest" time="11.667"/>
  <system-out/>
</testsuite> <!-- TestCases.CheckoutPageTest -->
