<?xml version="1.0" encoding="UTF-8"?>
<!-- Generated by org.testng.reporters.JUnitReportReporter -->
<testsuite hostname="DELL" failures="0" tests="3" name="TestCases.FinalPageTest" time="20.241" errors="0" timestamp="2023-01-04T17:02:00 PST" skipped="2">
  <testcase classname="TestCases.FinalPageTest" name="verifyURLTest" time="20.241"/>
  <system-out/>
  <testcase classname="TestCases.FinalPageTest" name="verifyPriceInfoTest">
    <skipped/>
  </testcase> <!-- verifyPriceInfoTest -->
  <system-out/>
  <testcase classname="TestCases.FinalPageTest" name="verifyTextTest">
    <skipped/>
  </testcase> <!-- verifyTextTest -->
  <system-out/>
</testsuite> <!-- TestCases.FinalPageTest -->
